=/pretest.json
{
  _: [],
  f: [
    '/home/shubham/Documents/exp-use-of-vr-iitd/experiment/pretest.json'
  ],
  files: [
    '/home/shubham/Documents/exp-use-of-vr-iitd/experiment/pretest.json'
  ],
  c: 'assessment',
  contentTypes: 'assessment',
  'content-types': 'assessment',
  '$0': 'validate'
}
Validated true
=/posttest.json
{
  _: [],
  f: [
    '/home/shubham/Documents/exp-use-of-vr-iitd/experiment/posttest.json'
  ],
  files: [
    '/home/shubham/Documents/exp-use-of-vr-iitd/experiment/posttest.json'
  ],
  c: 'assessment',
  contentTypes: 'assessment',
  'content-types': 'assessment',
  '$0': 'validate'
}
Validated true
